<?xml version="1.0" encoding="UTF-8"?>
<!-- Generated by org.testng.reporters.JUnitReportReporter -->
<testsuite hostname="GOWRISANKAR" failures="0" tests="1" name="com.runner.runnerTestNG" time="18.962" errors="1" timestamp="2025-04-07T20:28:07 IST" skipped="0">
  <testcase classname="com.runner.runnerTestNG" name="runScenario" time="18.962">
    <error message="Keys to send should be a not null CharSequence" type="java.lang.IllegalArgumentException">
      <![CDATA[java.lang.IllegalArgumentException: Keys to send should be a not null CharSequence
at org.openqa.selenium.remote.RemoteWebElement.sendKeys(RemoteWebElement.java:96)
at java.base/jdk.internal.reflect.DirectMethodHandleAccessor.invoke(DirectMethodHandleAccessor.java:103)
at java.base/java.lang.reflect.Method.invoke(Method.java:580)
at org.openqa.selenium.support.pagefactory.internal.LocatingElementHandler.invoke(LocatingElementHandler.java:51)
at jdk.proxy2/jdk.proxy2.$Proxy27.sendKeys(Unknown Source)
at com.pages.CheckoutPage.fillBillingDetailsFromExcel(CheckoutPage.java:76)
at com.action.CheckoutActions.fillBillingAddressFromExcel(CheckoutActions.java:15)
at com.defenitions.LoginPagDefenitions.i_select_new_billing_address(LoginPagDefenitions.java:113)
at âœ½.I select new billing address(file:///C:/Users/GOWRISANKAR/eclipse-cucumber/shop_website/src/test/resources/feature/checkout.feature:11)
]]>
    </error>
  </testcase> <!-- runScenario -->
</testsuite> <!-- com.runner.runnerTestNG -->
